<?xml version="1.0" encoding="UTF-8"?>
<!-- Generated by org.testng.reporters.JUnitXMLReporter -->
<testsuite ignored="0" hostname="LAPTOP-4I2SCUH5" failures="0" tests="6" name="Test" time="0.052" errors="0" timestamp="2022-02-11T19:30:22 IST">
  <testcase classname="testCases.LoginPageTest" name="login" time="0.007"/>
  <testcase classname="testCases.HomePageTest" name="checkHomePage" time="0.002"/>
  <testcase classname="generalStore.mobileShopping.Sample1Test" name="printFirst" time="0.001"/>
  <testcase classname="generalStore.mobileShopping.Sample1Test" name="printFirstfirst" time="0.001"/>
  <testcase classname="generalStore.mobileShopping.Sample2Test" name="printSecond" time="0.001"/>
  <testcase classname="generalStore.mobileShopping.Sample2Test" name="printSecondsecond" time="0.001"/>
</testsuite> <!-- Test -->
