<?xml version="1.0" encoding="UTF-8"?>
<!-- Generated by org.testng.reporters.JUnitXMLReporter -->
<testsuite hostname="LAPTOP-4I2SCUH5" ignored="0" name="Test" tests="5" failures="0" timestamp="2022-02-22T23:03:34 IST" time="29.602" errors="0">
  <testcase name="login" time="26.491" classname="testCases.LoginPageTest"/>
  <testcase name="addLasttoCart" time="0.0" classname="testCases.HomePageTest"/>
  <testcase name="addOneItemtoCart" time="0.0" classname="testCases.HomePageTest"/>
  <testcase name="addTwoItemstoCart" time="0.0" classname="testCases.HomePageTest"/>
  <testcase name="verifyHomePageDisplayed" time="0.001" classname="testCases.HomePageTest"/>
</testsuite> <!-- Test -->
