<?xml version="1.0" encoding="UTF-8"?>
<testng-results ignored="0" total="1" passed="1" failed="0" skipped="0">
  <reporter-output>
  </reporter-output>
  <suite started-at="2022-02-12T00:18:14 IST" name="Default suite" finished-at="2022-02-12T00:18:33 IST" duration-ms="18410">
    <groups>
    </groups>
    <test started-at="2022-02-12T00:18:14 IST" name="Default test" finished-at="2022-02-12T00:18:33 IST" duration-ms="18410">
      <class name="testCases.LoginPageTest">
        <test-method signature="login()[pri:0, instance:testCases.LoginPageTest@58695725]" started-at="2022-02-12T00:18:14 IST" name="login" finished-at="2022-02-12T00:18:33 IST" duration-ms="18379" status="PASS">
          <reporter-output>
          </reporter-output>
        </test-method> <!-- login -->
      </class> <!-- testCases.LoginPageTest -->
    </test> <!-- Default test -->
  </suite> <!-- Default suite -->
</testng-results>
